Build started 3/15/2016 10:49:35 PM.
     1>Project "C:\Users\ungrodtb\Documents\Proj01 - Copy\Synthie\Synthie.vcxproj" on node 2 (Build target(s)).
     1>ClCompile:
         C:\Program Files\Microsoft Visual Studio 12.0\VC\bin\CL.exe /c /I. /ZI /nologo /W3 /WX- /Od /Oy- /D WIN32 /D _WINDOWS /D _DEBUG /D _UNICODE /D UNICODE /D _AFXDLL /Gm /EHsc /RTC1 /MDd /GS /fp:precise /Zc:wchar_t /Zc:forScope /Yc"stdafx.h" /Fp"Debug\Synthie.pch" /Fo"Debug\\" /Fd"Debug\vc120.pdb" /Gd /TP /analyze- /errorReport:prompt stdafx.cpp
         stdafx.cpp
         C:\Program Files\Microsoft Visual Studio 12.0\VC\bin\CL.exe /c /I. /ZI /nologo /W3 /WX- /Od /Oy- /D WIN32 /D _WINDOWS /D _DEBUG /D _UNICODE /D UNICODE /D _AFXDLL /Gm /EHsc /RTC1 /MDd /GS /fp:precise /Zc:wchar_t /Zc:forScope /Yu"stdafx.h" /Fp"Debug\Synthie.pch" /Fo"Debug\\" /Fd"Debug\vc120.pdb" /Gd /TP /analyze- /errorReport:prompt Additive.cpp AdditiveFactory.cpp AddSines.cpp AR.cpp AudioNode.cpp audio\DirSound.cpp audio\DirSoundSource.cpp audio\DirSoundStream.cpp BaseWave.cpp Instrument.cpp MainFrm.cpp Note.cpp Notes.cpp OddSines.cpp OddSinesFactory.cpp OddSinesInstrument.cpp Progress.cpp ProgressDlg.cpp SawtoothWave.cpp SineWave.cpp SquareWave.cpp SubtractiveADSREnvelope.cpp SubtractiveAmplitudeFilter.cpp SubtractiveEnvelope.cpp SubtractiveFilters.cpp SubtractiveInstrument.cpp SubtractivePitchFilter.cpp SubtractiveResonFilter.cpp Synthesizer.cpp Synthie.cpp SynthieView.cpp audio\Wave.cpp audio\WaveformBuffer.cpp audio\WaveformWnd.cpp ToneInstrument.cpp TriangleWave.cpp WaveInstrument.cpp WaveInstrumentFactory.cpp WavePlayer.cpp
         WavePlayer.cpp
         WaveInstrumentFactory.cpp
         WaveInstrument.cpp
         TriangleWave.cpp
     1>c:\users\ungrodtb\documents\proj01 - copy\synthie\trianglewave.cpp(38): warning C4244: 'argument' : conversion from 'double' to 'unsigned int', possible loss of data
     1>c:\users\ungrodtb\documents\proj01 - copy\synthie\trianglewave.cpp(44): warning C4244: 'initializing' : conversion from 'double' to 'int', possible loss of data
         ToneInstrument.cpp
         WaveformWnd.cpp
         WaveformBuffer.cpp
         Wave.cpp
         SynthieView.cpp
         Synthie.cpp
         Synthesizer.cpp
         SubtractiveResonFilter.cpp
         SubtractivePitchFilter.cpp
         SubtractiveInstrument.cpp
         SubtractiveFilters.cpp
         SubtractiveEnvelope.cpp
         SubtractiveAmplitudeFilter.cpp
         SubtractiveADSREnvelope.cpp
         SquareWave.cpp
     1>c:\users\ungrodtb\documents\proj01 - copy\synthie\squarewave.cpp(37): warning C4244: 'argument' : conversion from 'double' to 'unsigned int', possible loss of data
     1>c:\users\ungrodtb\documents\proj01 - copy\synthie\squarewave.cpp(43): warning C4244: 'initializing' : conversion from 'double' to 'int', possible loss of data
         SineWave.cpp
         Generating Code...
         Compiling...
         SawtoothWave.cpp
     1>c:\users\ungrodtb\documents\proj01 - copy\synthie\sawtoothwave.cpp(37): warning C4244: 'argument' : conversion from 'double' to 'unsigned int', possible loss of data
     1>c:\users\ungrodtb\documents\proj01 - copy\synthie\sawtoothwave.cpp(43): warning C4244: 'initializing' : conversion from 'double' to 'int', possible loss of data
         ProgressDlg.cpp
         Progress.cpp
         OddSinesInstrument.cpp
         OddSinesFactory.cpp
         OddSines.cpp
         Notes.cpp
         Note.cpp
         MainFrm.cpp
         Instrument.cpp
         BaseWave.cpp
         DirSoundStream.cpp
         DirSoundSource.cpp
         DirSound.cpp
         AudioNode.cpp
         AR.cpp
         AddSines.cpp
     1>c:\users\ungrodtb\documents\proj01 - copy\synthie\addsines.cpp(21): warning C4018: '<' : signed/unsigned mismatch
         AdditiveFactory.cpp
     1>c:\users\ungrodtb\documents\proj01 - copy\synthie\additivefactory.cpp(18): warning C4018: '<' : signed/unsigned mismatch
         Additive.cpp
         Generating Code...
       ResourceCompile:
         C:\Program Files\Windows Kits\8.1\bin\x86\rc.exe /D _DEBUG /D _UNICODE /D UNICODE /D _AFXDLL /l"0x0409" /IDebug\ /nologo /fo"Debug\Synthie.res" Synthie.rc 
       Link:
         C:\Program Files\Microsoft Visual Studio 12.0\VC\bin\link.exe /ERRORREPORT:PROMPT /OUT:"C:\Users\ungrodtb\Documents\Proj01 - Copy\Debug\Synthie.exe" /INCREMENTAL /NOLOGO amstrmid.lib quartz.lib dsound.lib msxml2.lib /MANIFEST /MANIFESTUAC:"level='asInvoker' uiAccess='false'" /manifest:embed /manifestinput:"C:\Program Files\Microsoft Visual Studio 12.0\VC\Include\Manifest\dpiaware.manifest" /DEBUG /PDB:"C:\Users\ungrodtb\Documents\Proj01 - Copy\Debug\Synthie.pdb" /SUBSYSTEM:WINDOWS /TLBID:1 /ENTRY:"wWinMainCRTStartup" /DYNAMICBASE /NXCOMPAT /IMPLIB:"C:\Users\ungrodtb\Documents\Proj01 - Copy\Debug\Synthie.lib" /MACHINE:X86 /SAFESEH Debug\Synthie.res
         Debug\Additive.obj
         Debug\AdditiveFactory.obj
         Debug\AddSines.obj
         Debug\AR.obj
         Debug\AudioNode.obj
         Debug\DirSound.obj
         Debug\DirSoundSource.obj
         Debug\DirSoundStream.obj
         Debug\BaseWave.obj
         Debug\Instrument.obj
         Debug\MainFrm.obj
         Debug\Note.obj
         Debug\Notes.obj
         Debug\OddSines.obj
         Debug\OddSinesFactory.obj
         Debug\OddSinesInstrument.obj
         Debug\Progress.obj
         Debug\ProgressDlg.obj
         Debug\SawtoothWave.obj
         Debug\SineWave.obj
         Debug\SquareWave.obj
         Debug\stdafx.obj
         Debug\SubtractiveADSREnvelope.obj
         Debug\SubtractiveAmplitudeFilter.obj
         Debug\SubtractiveEnvelope.obj
         Debug\SubtractiveFilters.obj
         Debug\SubtractiveInstrument.obj
         Debug\SubtractivePitchFilter.obj
         Debug\SubtractiveResonFilter.obj
         Debug\Synthesizer.obj
         Debug\Synthie.obj
         Debug\SynthieView.obj
         Debug\Wave.obj
         Debug\WaveformBuffer.obj
         Debug\WaveformWnd.obj
         Debug\ToneInstrument.obj
         Debug\TriangleWave.obj
         Debug\WaveInstrument.obj
         Debug\WaveInstrumentFactory.obj
         Debug\WavePlayer.obj
     1>Additive.obj : warning LNK4075: ignoring '/EDITANDCONTINUE' due to '/SAFESEH' specification
         Synthie.vcxproj -> C:\Users\ungrodtb\Documents\Proj01 - Copy\Debug\Synthie.exe
     1>Done Building Project "C:\Users\ungrodtb\Documents\Proj01 - Copy\Synthie\Synthie.vcxproj" (Build target(s)).

Build succeeded.

Time Elapsed 00:00:34.19
